
build/release/sys_shell.elf:     file format elf32-littleriscv
build/release/sys_shell.elf
architecture: riscv:rv32, flags 0x00000112:
EXEC_P, HAS_SYMS, D_PAGED
start address 0x80200000

Program Header:
0x70000003 off    0x00003144 vaddr 0x00000000 paddr 0x00000000 align 2**0
         filesz 0x0000004b memsz 0x00000000 flags r--
    LOAD off    0x00001000 vaddr 0x80200000 paddr 0x80200000 align 2**12
         filesz 0x00001250 memsz 0x00001250 flags r-x
    LOAD off    0x00003000 vaddr 0x80208000 paddr 0x80208000 align 2**12
         filesz 0x00000144 memsz 0x00000144 flags rw-

Sections:
Idx Name              Size      VMA       LMA       File off  Algn  Flags
  0 .text             00001250  80200000  80200000  00001000  2**3  CONTENTS, ALLOC, LOAD, READONLY, CODE
  1 .rodata           00000138  80208000  80208000  00003000  2**3  CONTENTS, ALLOC, LOAD, READONLY, DATA
  2 .data             0000000c  80208138  80208138  00003138  2**3  CONTENTS, ALLOC, LOAD, DATA
  3 .riscv.attributes 0000004b  00000000  00000000  00003144  2**0  CONTENTS, READONLY
  4 .comment          00000033  00000000  00000000  0000318f  2**0  CONTENTS, READONLY
SYMBOL TABLE:
80200000 l    d  .text	00000000 .text
80208000 l    d  .rodata	00000000 .rodata
80208138 l    d  .data	00000000 .data
00000000 l    d  .riscv.attributes	00000000 .riscv.attributes
00000000 l    d  .comment	00000000 .comment
00000000 l    df *ABS*	00000000 ccNnJiaj.o
00000000 l    df *ABS*	00000000 sys_shell.c
00000000 l    df *ABS*	00000000 print.c
00000000 l    df *ABS*	00000000 servers.c
00000000 l    df *ABS*	00000000 syscall.c
80208140 l     O .data	00000004 sc
00000000 l    df *ABS*	00000000 libc_a-itoa.o
00000000 l    df *ABS*	00000000 libc_a-utoa.o
00000000 l    df *ABS*	00000000 libc_a-strcat.o
00000000 l    df *ABS*	00000000 libc_a-strncat.o
00000000 l    df *ABS*	00000000 libc_a-memset.o
00000000 l    df *ABS*	00000000 libc_a-memcpy.o
00000000 l    df *ABS*	00000000 libc_a-strlen.o
00000000 l    df *ABS*	00000000 libc_a-strcpy.o
00000000 l    df *ABS*	00000000 libc_a-strcmp.o
00000000 l    df *ABS*	00000000 div.o
80200f7c g     F .text	000000a4 strcpy
802004b0 g     F .text	00000098 my_printf
80200000 g       .text	00000000 app_entry
80200dc8 g     F .text	00000128 memcpy
802011a4 g     F .text	00000048 .hidden __hidden___udivsi3
8020062c g     F .text	0000015c CRITICAL
802011a4 g     F .text	00000048 .hidden __udivsi3
8020813c g     O .data	00000004 earth
802009dc g     F .text	00000070 itoa
8020096c g     F .text	00000070 sys_send
80200ba0 g     F .text	000000a0 strcat
802011ec g     F .text	00000010 .hidden __umodsi3
80200364 g     F .text	0000014c format_to_str
80208138 g     O .data	00000004 grass
802007bc g     F .text	0000013c term_read
80200c40 g     F .text	000000ac strncat
80200a4c g     F .text	00000154 __utoa
80200cec g     F .text	000000dc memset
80200154 g     F .text	00000210 main
8020119c g     F .text	00000084 .hidden __divsi3
80201020 g     F .text	0000017c strcmp
80300000 g       *ABS*	00000000 __heap_end
80200010 g     F .text	00000144 parse_request
80208148 g       .data	00000000 __heap_start
802008f8 g     F .text	00000074 term_write
80200788 g     F .text	00000034 exit
80201220 g     F .text	00000030 .hidden __modsi3
80200ef0 g     F .text	0000008c strlen
80200548 g     F .text	000000e4 INFO



Disassembly of section .text:

80200000 <app_entry>:
app_entry():
80200000:	00052503          	lw	a0,0(a0)
80200004:	80400137          	lui	sp,0x80400
80200008:	14c000ef          	jal	80200154 <main>
8020000c:	77c000ef          	jal	80200788 <exit>

80200010 <parse_request>:
parse_request():
80200010:	fd010113          	addi	sp,sp,-48 # 803fffd0 <__heap_end+0xfffd0>
80200014:	02112623          	sw	ra,44(sp)
80200018:	02812423          	sw	s0,40(sp)
8020001c:	03010413          	addi	s0,sp,48
80200020:	fca42e23          	sw	a0,-36(s0)
80200024:	fcb42c23          	sw	a1,-40(s0)
80200028:	fe042623          	sw	zero,-20(s0)
8020002c:	fe042423          	sw	zero,-24(s0)
80200030:	fd842783          	lw	a5,-40(s0)
80200034:	00878793          	addi	a5,a5,8
80200038:	20000613          	li	a2,512
8020003c:	00000593          	li	a1,0
80200040:	00078513          	mv	a0,a5
80200044:	4a9000ef          	jal	80200cec <memset>
80200048:	fe042223          	sw	zero,-28(s0)
8020004c:	0bc0006f          	j	80200108 <parse_request+0xf8>
80200050:	fdc42703          	lw	a4,-36(s0)
80200054:	fe442783          	lw	a5,-28(s0)
80200058:	00f707b3          	add	a5,a4,a5
8020005c:	0007c703          	lbu	a4,0(a5)
80200060:	02000793          	li	a5,32
80200064:	04f70863          	beq	a4,a5,802000b4 <parse_request+0xa4>
80200068:	fdc42703          	lw	a4,-36(s0)
8020006c:	fe442783          	lw	a5,-28(s0)
80200070:	00f707b3          	add	a5,a4,a5
80200074:	0007c703          	lbu	a4,0(a5)
80200078:	fd842683          	lw	a3,-40(s0)
8020007c:	fe842783          	lw	a5,-24(s0)
80200080:	00579793          	slli	a5,a5,0x5
80200084:	00f686b3          	add	a3,a3,a5
80200088:	fec42783          	lw	a5,-20(s0)
8020008c:	00f687b3          	add	a5,a3,a5
80200090:	00e78423          	sb	a4,8(a5)
80200094:	fec42783          	lw	a5,-20(s0)
80200098:	00178793          	addi	a5,a5,1
8020009c:	fef42623          	sw	a5,-20(s0)
802000a0:	fec42703          	lw	a4,-20(s0)
802000a4:	01f00793          	li	a5,31
802000a8:	04e7fa63          	bgeu	a5,a4,802000fc <parse_request+0xec>
802000ac:	fff00793          	li	a5,-1
802000b0:	0900006f          	j	80200140 <parse_request+0x130>
802000b4:	fec42783          	lw	a5,-20(s0)
802000b8:	04078263          	beqz	a5,802000fc <parse_request+0xec>
802000bc:	fd842703          	lw	a4,-40(s0)
802000c0:	fe842783          	lw	a5,-24(s0)
802000c4:	00579793          	slli	a5,a5,0x5
802000c8:	00f70733          	add	a4,a4,a5
802000cc:	fec42783          	lw	a5,-20(s0)
802000d0:	00f707b3          	add	a5,a4,a5
802000d4:	00078423          	sb	zero,8(a5)
802000d8:	fe042623          	sw	zero,-20(s0)
802000dc:	fe842783          	lw	a5,-24(s0)
802000e0:	00178793          	addi	a5,a5,1
802000e4:	fef42423          	sw	a5,-24(s0)
802000e8:	fe842703          	lw	a4,-24(s0)
802000ec:	00f00793          	li	a5,15
802000f0:	00e7f663          	bgeu	a5,a4,802000fc <parse_request+0xec>
802000f4:	fff00793          	li	a5,-1
802000f8:	0480006f          	j	80200140 <parse_request+0x130>
802000fc:	fe442783          	lw	a5,-28(s0)
80200100:	00178793          	addi	a5,a5,1
80200104:	fef42223          	sw	a5,-28(s0)
80200108:	fdc42503          	lw	a0,-36(s0)
8020010c:	5e5000ef          	jal	80200ef0 <strlen>
80200110:	00050713          	mv	a4,a0
80200114:	fe442783          	lw	a5,-28(s0)
80200118:	f2e7ece3          	bltu	a5,a4,80200050 <parse_request+0x40>
8020011c:	fec42783          	lw	a5,-20(s0)
80200120:	00078863          	beqz	a5,80200130 <parse_request+0x120>
80200124:	fe842783          	lw	a5,-24(s0)
80200128:	00178793          	addi	a5,a5,1
8020012c:	0080006f          	j	80200134 <parse_request+0x124>
80200130:	fe842783          	lw	a5,-24(s0)
80200134:	fd842703          	lw	a4,-40(s0)
80200138:	00f72223          	sw	a5,4(a4)
8020013c:	00000793          	li	a5,0
80200140:	00078513          	mv	a0,a5
80200144:	02c12083          	lw	ra,44(sp)
80200148:	02812403          	lw	s0,40(sp)
8020014c:	03010113          	addi	sp,sp,48
80200150:	00008067          	ret

80200154 <main>:
main():
80200154:	be010113          	addi	sp,sp,-1056
80200158:	40112e23          	sw	ra,1052(sp)
8020015c:	40812c23          	sw	s0,1048(sp)
80200160:	42010413          	addi	s0,sp,1056
80200164:	802087b7          	lui	a5,0x80208
80200168:	00078513          	mv	a0,a5
8020016c:	4c0000ef          	jal	8020062c <CRITICAL>
80200170:	000067b7          	lui	a5,0x6
80200174:	46378793          	addi	a5,a5,1123 # 6463 <app_entry-0x801f9b9d>
80200178:	def42823          	sw	a5,-528(s0)
8020017c:	df440793          	addi	a5,s0,-524
80200180:	1fc00713          	li	a4,508
80200184:	00070613          	mv	a2,a4
80200188:	00000593          	li	a1,0
8020018c:	00078513          	mv	a0,a5
80200190:	35d000ef          	jal	80200cec <memset>
80200194:	df040713          	addi	a4,s0,-528
80200198:	802087b7          	lui	a5,0x80208
8020019c:	02078593          	addi	a1,a5,32 # 80208020 <__modsi3+0x6e00>
802001a0:	00070513          	mv	a0,a4
802001a4:	67d000ef          	jal	80201020 <strcmp>
802001a8:	00050793          	mv	a5,a0
802001ac:	18078463          	beqz	a5,80200334 <main+0x1e0>
802001b0:	df040713          	addi	a4,s0,-528
802001b4:	802087b7          	lui	a5,0x80208
802001b8:	02c78593          	addi	a1,a5,44 # 8020802c <__modsi3+0x6e0c>
802001bc:	00070513          	mv	a0,a4
802001c0:	661000ef          	jal	80201020 <strcmp>
802001c4:	00050793          	mv	a5,a0
802001c8:	02079863          	bnez	a5,802001f8 <main+0xa4>
802001cc:	00200793          	li	a5,2
802001d0:	bef42223          	sw	a5,-1052(s0)
802001d4:	802087b7          	lui	a5,0x80208
802001d8:	1387a783          	lw	a5,312(a5) # 80208138 <grass>
802001dc:	00c7a783          	lw	a5,12(a5)
802001e0:	be440713          	addi	a4,s0,-1052
802001e4:	20800613          	li	a2,520
802001e8:	00070593          	mv	a1,a4
802001ec:	00100513          	li	a0,1
802001f0:	000780e7          	jalr	a5
802001f4:	1400006f          	j	80200334 <main+0x1e0>
802001f8:	df040713          	addi	a4,s0,-528
802001fc:	802087b7          	lui	a5,0x80208
80200200:	03478593          	addi	a1,a5,52 # 80208034 <__modsi3+0x6e14>
80200204:	00070513          	mv	a0,a4
80200208:	619000ef          	jal	80201020 <strcmp>
8020020c:	00050793          	mv	a5,a0
80200210:	00079a63          	bnez	a5,80200224 <main+0xd0>
80200214:	802087b7          	lui	a5,0x80208
80200218:	03c78513          	addi	a0,a5,60 # 8020803c <__modsi3+0x6e1c>
8020021c:	294000ef          	jal	802004b0 <my_printf>
80200220:	1140006f          	j	80200334 <main+0x1e0>
80200224:	df040713          	addi	a4,s0,-528
80200228:	802087b7          	lui	a5,0x80208
8020022c:	04878593          	addi	a1,a5,72 # 80208048 <__modsi3+0x6e28>
80200230:	00070513          	mv	a0,a4
80200234:	5ed000ef          	jal	80201020 <strcmp>
80200238:	00050793          	mv	a5,a0
8020023c:	00079e63          	bnez	a5,80200258 <main+0x104>
80200240:	803027b7          	lui	a5,0x80302
80200244:	00478593          	addi	a1,a5,4 # 80302004 <__heap_end+0x2004>
80200248:	802087b7          	lui	a5,0x80208
8020024c:	04c78513          	addi	a0,a5,76 # 8020804c <__modsi3+0x6e2c>
80200250:	260000ef          	jal	802004b0 <my_printf>
80200254:	0e00006f          	j	80200334 <main+0x1e0>
80200258:	be042223          	sw	zero,-1052(s0)
8020025c:	be440713          	addi	a4,s0,-1052
80200260:	df040793          	addi	a5,s0,-528
80200264:	00070593          	mv	a1,a4
80200268:	00078513          	mv	a0,a5
8020026c:	da5ff0ef          	jal	80200010 <parse_request>
80200270:	00050793          	mv	a5,a0
80200274:	00078a63          	beqz	a5,80200288 <main+0x134>
80200278:	802087b7          	lui	a5,0x80208
8020027c:	05478513          	addi	a0,a5,84 # 80208054 <__modsi3+0x6e34>
80200280:	2c8000ef          	jal	80200548 <INFO>
80200284:	0b00006f          	j	80200334 <main+0x1e0>
80200288:	802087b7          	lui	a5,0x80208
8020028c:	1387a783          	lw	a5,312(a5) # 80208138 <grass>
80200290:	00c7a783          	lw	a5,12(a5)
80200294:	be440713          	addi	a4,s0,-1052
80200298:	20800613          	li	a2,520
8020029c:	00070593          	mv	a1,a4
802002a0:	00100513          	li	a0,1
802002a4:	000780e7          	jalr	a5
802002a8:	802087b7          	lui	a5,0x80208
802002ac:	1387a783          	lw	a5,312(a5) # 80208138 <grass>
802002b0:	0107a783          	lw	a5,16(a5)
802002b4:	dec40713          	addi	a4,s0,-532
802002b8:	00400693          	li	a3,4
802002bc:	00070613          	mv	a2,a4
802002c0:	00000593          	li	a1,0
802002c4:	00100513          	li	a0,1
802002c8:	000780e7          	jalr	a5
802002cc:	dec42783          	lw	a5,-532(s0)
802002d0:	02078063          	beqz	a5,802002f0 <main+0x19c>
802002d4:	be440793          	addi	a5,s0,-1052
802002d8:	00878793          	addi	a5,a5,8
802002dc:	00078593          	mv	a1,a5
802002e0:	802087b7          	lui	a5,0x80208
802002e4:	08878513          	addi	a0,a5,136 # 80208088 <__modsi3+0x6e68>
802002e8:	260000ef          	jal	80200548 <INFO>
802002ec:	0480006f          	j	80200334 <main+0x1e0>
802002f0:	be842783          	lw	a5,-1048(s0)
802002f4:	fff78793          	addi	a5,a5,-1
802002f8:	00579793          	slli	a5,a5,0x5
802002fc:	ff078793          	addi	a5,a5,-16
80200300:	008787b3          	add	a5,a5,s0
80200304:	bfc7c703          	lbu	a4,-1028(a5)
80200308:	02600793          	li	a5,38
8020030c:	02f70463          	beq	a4,a5,80200334 <main+0x1e0>
80200310:	802087b7          	lui	a5,0x80208
80200314:	1387a783          	lw	a5,312(a5) # 80208138 <grass>
80200318:	0107a783          	lw	a5,16(a5)
8020031c:	dec40713          	addi	a4,s0,-532
80200320:	00400693          	li	a3,4
80200324:	00070613          	mv	a2,a4
80200328:	00000593          	li	a1,0
8020032c:	00100513          	li	a0,1
80200330:	000780e7          	jalr	a5
80200334:	803027b7          	lui	a5,0x80302
80200338:	00478593          	addi	a1,a5,4 # 80302004 <__heap_end+0x2004>
8020033c:	802087b7          	lui	a5,0x80208
80200340:	0a878513          	addi	a0,a5,168 # 802080a8 <__modsi3+0x6e88>
80200344:	16c000ef          	jal	802004b0 <my_printf>
80200348:	df040793          	addi	a5,s0,-528
8020034c:	20000593          	li	a1,512
80200350:	00078513          	mv	a0,a5
80200354:	468000ef          	jal	802007bc <term_read>
80200358:	00050793          	mv	a5,a0
8020035c:	fc078ce3          	beqz	a5,80200334 <main+0x1e0>
80200360:	e35ff06f          	j	80200194 <main+0x40>

80200364 <format_to_str>:
format_to_str():
80200364:	fe010113          	addi	sp,sp,-32
80200368:	00112e23          	sw	ra,28(sp)
8020036c:	00812c23          	sw	s0,24(sp)
80200370:	00912a23          	sw	s1,20(sp)
80200374:	02010413          	addi	s0,sp,32
80200378:	fea42623          	sw	a0,-20(s0)
8020037c:	feb42423          	sw	a1,-24(s0)
80200380:	fec42223          	sw	a2,-28(s0)
80200384:	fec42783          	lw	a5,-20(s0)
80200388:	00078023          	sb	zero,0(a5)
8020038c:	0fc0006f          	j	80200488 <format_to_str+0x124>
80200390:	fe842783          	lw	a5,-24(s0)
80200394:	0007c703          	lbu	a4,0(a5)
80200398:	02500793          	li	a5,37
8020039c:	00f70c63          	beq	a4,a5,802003b4 <format_to_str+0x50>
802003a0:	00100613          	li	a2,1
802003a4:	fe842583          	lw	a1,-24(s0)
802003a8:	fec42503          	lw	a0,-20(s0)
802003ac:	095000ef          	jal	80200c40 <strncat>
802003b0:	0cc0006f          	j	8020047c <format_to_str+0x118>
802003b4:	fe842783          	lw	a5,-24(s0)
802003b8:	00178793          	addi	a5,a5,1
802003bc:	fef42423          	sw	a5,-24(s0)
802003c0:	fe842783          	lw	a5,-24(s0)
802003c4:	0007c703          	lbu	a4,0(a5)
802003c8:	07300793          	li	a5,115
802003cc:	02f71263          	bne	a4,a5,802003f0 <format_to_str+0x8c>
802003d0:	fe442783          	lw	a5,-28(s0)
802003d4:	00478713          	addi	a4,a5,4
802003d8:	fee42223          	sw	a4,-28(s0)
802003dc:	0007a783          	lw	a5,0(a5)
802003e0:	00078593          	mv	a1,a5
802003e4:	fec42503          	lw	a0,-20(s0)
802003e8:	7b8000ef          	jal	80200ba0 <strcat>
802003ec:	0900006f          	j	8020047c <format_to_str+0x118>
802003f0:	fe842783          	lw	a5,-24(s0)
802003f4:	0007c703          	lbu	a4,0(a5)
802003f8:	06400793          	li	a5,100
802003fc:	02f71e63          	bne	a4,a5,80200438 <format_to_str+0xd4>
80200400:	fe442783          	lw	a5,-28(s0)
80200404:	00478713          	addi	a4,a5,4
80200408:	fee42223          	sw	a4,-28(s0)
8020040c:	0007a483          	lw	s1,0(a5)
80200410:	fec42503          	lw	a0,-20(s0)
80200414:	2dd000ef          	jal	80200ef0 <strlen>
80200418:	00050713          	mv	a4,a0
8020041c:	fec42783          	lw	a5,-20(s0)
80200420:	00e787b3          	add	a5,a5,a4
80200424:	00a00613          	li	a2,10
80200428:	00078593          	mv	a1,a5
8020042c:	00048513          	mv	a0,s1
80200430:	5ac000ef          	jal	802009dc <itoa>
80200434:	0480006f          	j	8020047c <format_to_str+0x118>
80200438:	fe842783          	lw	a5,-24(s0)
8020043c:	0007c703          	lbu	a4,0(a5)
80200440:	07800793          	li	a5,120
80200444:	02f71c63          	bne	a4,a5,8020047c <format_to_str+0x118>
80200448:	fe442783          	lw	a5,-28(s0)
8020044c:	00478713          	addi	a4,a5,4
80200450:	fee42223          	sw	a4,-28(s0)
80200454:	0007a483          	lw	s1,0(a5)
80200458:	fec42503          	lw	a0,-20(s0)
8020045c:	295000ef          	jal	80200ef0 <strlen>
80200460:	00050713          	mv	a4,a0
80200464:	fec42783          	lw	a5,-20(s0)
80200468:	00e787b3          	add	a5,a5,a4
8020046c:	01000613          	li	a2,16
80200470:	00078593          	mv	a1,a5
80200474:	00048513          	mv	a0,s1
80200478:	564000ef          	jal	802009dc <itoa>
8020047c:	fe842783          	lw	a5,-24(s0)
80200480:	00178793          	addi	a5,a5,1
80200484:	fef42423          	sw	a5,-24(s0)
80200488:	fe842783          	lw	a5,-24(s0)
8020048c:	0007c783          	lbu	a5,0(a5)
80200490:	f00790e3          	bnez	a5,80200390 <format_to_str+0x2c>
80200494:	00000013          	nop
80200498:	00000013          	nop
8020049c:	01c12083          	lw	ra,28(sp)
802004a0:	01812403          	lw	s0,24(sp)
802004a4:	01412483          	lw	s1,20(sp)
802004a8:	02010113          	addi	sp,sp,32
802004ac:	00008067          	ret

802004b0 <my_printf>:
my_printf():
802004b0:	db010113          	addi	sp,sp,-592
802004b4:	22112623          	sw	ra,556(sp)
802004b8:	22812423          	sw	s0,552(sp)
802004bc:	23010413          	addi	s0,sp,560
802004c0:	dca42e23          	sw	a0,-548(s0)
802004c4:	00b42223          	sw	a1,4(s0)
802004c8:	00c42423          	sw	a2,8(s0)
802004cc:	00d42623          	sw	a3,12(s0)
802004d0:	00e42823          	sw	a4,16(s0)
802004d4:	00f42a23          	sw	a5,20(s0)
802004d8:	01042c23          	sw	a6,24(s0)
802004dc:	01142e23          	sw	a7,28(s0)
802004e0:	de040823          	sb	zero,-528(s0)
802004e4:	02040793          	addi	a5,s0,32
802004e8:	dcf42c23          	sw	a5,-552(s0)
802004ec:	dd842783          	lw	a5,-552(s0)
802004f0:	fe478793          	addi	a5,a5,-28
802004f4:	def42623          	sw	a5,-532(s0)
802004f8:	dec42703          	lw	a4,-532(s0)
802004fc:	df040793          	addi	a5,s0,-528
80200500:	00070613          	mv	a2,a4
80200504:	ddc42583          	lw	a1,-548(s0)
80200508:	00078513          	mv	a0,a5
8020050c:	e59ff0ef          	jal	80200364 <format_to_str>
80200510:	df040793          	addi	a5,s0,-528
80200514:	00078513          	mv	a0,a5
80200518:	1d9000ef          	jal	80200ef0 <strlen>
8020051c:	00050713          	mv	a4,a0
80200520:	df040793          	addi	a5,s0,-528
80200524:	00070593          	mv	a1,a4
80200528:	00078513          	mv	a0,a5
8020052c:	3cc000ef          	jal	802008f8 <term_write>
80200530:	00000013          	nop
80200534:	00078513          	mv	a0,a5
80200538:	22c12083          	lw	ra,556(sp)
8020053c:	22812403          	lw	s0,552(sp)
80200540:	25010113          	addi	sp,sp,592
80200544:	00008067          	ret

80200548 <INFO>:
INFO():
80200548:	db010113          	addi	sp,sp,-592
8020054c:	22112623          	sw	ra,556(sp)
80200550:	22812423          	sw	s0,552(sp)
80200554:	23010413          	addi	s0,sp,560
80200558:	dca42e23          	sw	a0,-548(s0)
8020055c:	00b42223          	sw	a1,4(s0)
80200560:	00c42423          	sw	a2,8(s0)
80200564:	00d42623          	sw	a3,12(s0)
80200568:	00e42823          	sw	a4,16(s0)
8020056c:	00f42a23          	sw	a5,20(s0)
80200570:	01042c23          	sw	a6,24(s0)
80200574:	01142e23          	sw	a7,28(s0)
80200578:	df040793          	addi	a5,s0,-528
8020057c:	464e5737          	lui	a4,0x464e5
80200580:	95b70713          	addi	a4,a4,-1701 # 464e495b <app_entry-0x39d1b6a5>
80200584:	00e7a023          	sw	a4,0(a5)
80200588:	00206737          	lui	a4,0x206
8020058c:	d4f70713          	addi	a4,a4,-689 # 205d4f <app_entry-0x7fffa2b1>
80200590:	00e7a223          	sw	a4,4(a5)
80200594:	02040793          	addi	a5,s0,32
80200598:	dcf42c23          	sw	a5,-552(s0)
8020059c:	dd842783          	lw	a5,-552(s0)
802005a0:	fe478793          	addi	a5,a5,-28
802005a4:	def42623          	sw	a5,-532(s0)
802005a8:	df040793          	addi	a5,s0,-528
802005ac:	00778793          	addi	a5,a5,7
802005b0:	dec42703          	lw	a4,-532(s0)
802005b4:	00070613          	mv	a2,a4
802005b8:	ddc42583          	lw	a1,-548(s0)
802005bc:	00078513          	mv	a0,a5
802005c0:	da5ff0ef          	jal	80200364 <format_to_str>
802005c4:	df040793          	addi	a5,s0,-528
802005c8:	00078513          	mv	a0,a5
802005cc:	125000ef          	jal	80200ef0 <strlen>
802005d0:	00050793          	mv	a5,a0
802005d4:	00078713          	mv	a4,a5
802005d8:	df040793          	addi	a5,s0,-528
802005dc:	00e787b3          	add	a5,a5,a4
802005e0:	00a00713          	li	a4,10
802005e4:	00e78023          	sb	a4,0(a5)
802005e8:	00d00713          	li	a4,13
802005ec:	00e780a3          	sb	a4,1(a5)
802005f0:	00078123          	sb	zero,2(a5)
802005f4:	df040793          	addi	a5,s0,-528
802005f8:	00078513          	mv	a0,a5
802005fc:	0f5000ef          	jal	80200ef0 <strlen>
80200600:	00050713          	mv	a4,a0
80200604:	df040793          	addi	a5,s0,-528
80200608:	00070593          	mv	a1,a4
8020060c:	00078513          	mv	a0,a5
80200610:	2e8000ef          	jal	802008f8 <term_write>
80200614:	00000013          	nop
80200618:	00078513          	mv	a0,a5
8020061c:	22c12083          	lw	ra,556(sp)
80200620:	22812403          	lw	s0,552(sp)
80200624:	25010113          	addi	sp,sp,592
80200628:	00008067          	ret

8020062c <CRITICAL>:
CRITICAL():
8020062c:	db010113          	addi	sp,sp,-592
80200630:	22112623          	sw	ra,556(sp)
80200634:	22812423          	sw	s0,552(sp)
80200638:	23010413          	addi	s0,sp,560
8020063c:	dca42e23          	sw	a0,-548(s0)
80200640:	00b42223          	sw	a1,4(s0)
80200644:	00c42423          	sw	a2,8(s0)
80200648:	00d42623          	sw	a3,12(s0)
8020064c:	00e42823          	sw	a4,16(s0)
80200650:	00f42a23          	sw	a5,20(s0)
80200654:	01042c23          	sw	a6,24(s0)
80200658:	01142e23          	sw	a7,28(s0)
8020065c:	df040793          	addi	a5,s0,-528
80200660:	80208737          	lui	a4,0x80208
80200664:	0f470713          	addi	a4,a4,244 # 802080f4 <__modsi3+0x6ed4>
80200668:	00072503          	lw	a0,0(a4)
8020066c:	00472583          	lw	a1,4(a4)
80200670:	00872603          	lw	a2,8(a4)
80200674:	00c72683          	lw	a3,12(a4)
80200678:	00a7a023          	sw	a0,0(a5)
8020067c:	00b7a223          	sw	a1,4(a5)
80200680:	00c7a423          	sw	a2,8(a5)
80200684:	00d7a623          	sw	a3,12(a5)
80200688:	01075683          	lhu	a3,16(a4)
8020068c:	00d79823          	sh	a3,16(a5)
80200690:	01274703          	lbu	a4,18(a4)
80200694:	00e78923          	sb	a4,18(a5)
80200698:	02040793          	addi	a5,s0,32
8020069c:	dcf42c23          	sw	a5,-552(s0)
802006a0:	dd842783          	lw	a5,-552(s0)
802006a4:	fe478793          	addi	a5,a5,-28
802006a8:	def42623          	sw	a5,-532(s0)
802006ac:	df040793          	addi	a5,s0,-528
802006b0:	01278793          	addi	a5,a5,18
802006b4:	dec42703          	lw	a4,-532(s0)
802006b8:	00070613          	mv	a2,a4
802006bc:	ddc42583          	lw	a1,-548(s0)
802006c0:	00078513          	mv	a0,a5
802006c4:	ca1ff0ef          	jal	80200364 <format_to_str>
802006c8:	df040793          	addi	a5,s0,-528
802006cc:	00078513          	mv	a0,a5
802006d0:	021000ef          	jal	80200ef0 <strlen>
802006d4:	00050793          	mv	a5,a0
802006d8:	00078713          	mv	a4,a5
802006dc:	df040793          	addi	a5,s0,-528
802006e0:	00e787b3          	add	a5,a5,a4
802006e4:	80208737          	lui	a4,0x80208
802006e8:	0d470713          	addi	a4,a4,212 # 802080d4 <__modsi3+0x6eb4>
802006ec:	00074683          	lbu	a3,0(a4)
802006f0:	00068e13          	mv	t3,a3
802006f4:	00174683          	lbu	a3,1(a4)
802006f8:	00068313          	mv	t1,a3
802006fc:	00274683          	lbu	a3,2(a4)
80200700:	00068893          	mv	a7,a3
80200704:	00374683          	lbu	a3,3(a4)
80200708:	00068813          	mv	a6,a3
8020070c:	00474683          	lbu	a3,4(a4)
80200710:	00068513          	mv	a0,a3
80200714:	00574683          	lbu	a3,5(a4)
80200718:	00068593          	mv	a1,a3
8020071c:	00674683          	lbu	a3,6(a4)
80200720:	00068613          	mv	a2,a3
80200724:	00774683          	lbu	a3,7(a4)
80200728:	00874703          	lbu	a4,8(a4)
8020072c:	01c78023          	sb	t3,0(a5)
80200730:	006780a3          	sb	t1,1(a5)
80200734:	01178123          	sb	a7,2(a5)
80200738:	010781a3          	sb	a6,3(a5)
8020073c:	00a78223          	sb	a0,4(a5)
80200740:	00b782a3          	sb	a1,5(a5)
80200744:	00c78323          	sb	a2,6(a5)
80200748:	00d783a3          	sb	a3,7(a5)
8020074c:	00e78423          	sb	a4,8(a5)
80200750:	df040793          	addi	a5,s0,-528
80200754:	00078513          	mv	a0,a5
80200758:	798000ef          	jal	80200ef0 <strlen>
8020075c:	00050713          	mv	a4,a0
80200760:	df040793          	addi	a5,s0,-528
80200764:	00070593          	mv	a1,a4
80200768:	00078513          	mv	a0,a5
8020076c:	18c000ef          	jal	802008f8 <term_write>
80200770:	00000013          	nop
80200774:	00078513          	mv	a0,a5
80200778:	22c12083          	lw	ra,556(sp)
8020077c:	22812403          	lw	s0,552(sp)
80200780:	25010113          	addi	sp,sp,592
80200784:	00008067          	ret

80200788 <exit>:
exit():
80200788:	dd010113          	addi	sp,sp,-560
8020078c:	22112623          	sw	ra,556(sp)
80200790:	22812423          	sw	s0,552(sp)
80200794:	23010413          	addi	s0,sp,560
80200798:	dca42e23          	sw	a0,-548(s0)
8020079c:	00100793          	li	a5,1
802007a0:	def42423          	sw	a5,-536(s0)
802007a4:	de840793          	addi	a5,s0,-536
802007a8:	20800613          	li	a2,520
802007ac:	00078593          	mv	a1,a5
802007b0:	00100513          	li	a0,1
802007b4:	1b8000ef          	jal	8020096c <sys_send>
802007b8:	0000006f          	j	802007b8 <exit+0x30>

802007bc <term_read>:
term_read():
802007bc:	fd010113          	addi	sp,sp,-48
802007c0:	02112623          	sw	ra,44(sp)
802007c4:	02812423          	sw	s0,40(sp)
802007c8:	03010413          	addi	s0,sp,48
802007cc:	fca42e23          	sw	a0,-36(s0)
802007d0:	fcb42c23          	sw	a1,-40(s0)
802007d4:	fe042623          	sw	zero,-20(s0)
802007d8:	0e40006f          	j	802008bc <term_read+0x100>
802007dc:	802087b7          	lui	a5,0x80208
802007e0:	13c7a783          	lw	a5,316(a5) # 8020813c <earth>
802007e4:	01c7a783          	lw	a5,28(a5)
802007e8:	feb40713          	addi	a4,s0,-21
802007ec:	00070513          	mv	a0,a4
802007f0:	000780e7          	jalr	a5
802007f4:	fec42783          	lw	a5,-20(s0)
802007f8:	fdc42703          	lw	a4,-36(s0)
802007fc:	00f707b3          	add	a5,a4,a5
80200800:	feb44703          	lbu	a4,-21(s0)
80200804:	00e78023          	sb	a4,0(a5)
80200808:	feb44783          	lbu	a5,-21(s0)
8020080c:	00d00713          	li	a4,13
80200810:	00e78863          	beq	a5,a4,80200820 <term_read+0x64>
80200814:	07f00713          	li	a4,127
80200818:	04e78263          	beq	a5,a4,8020085c <term_read+0xa0>
8020081c:	07c0006f          	j	80200898 <term_read+0xdc>
80200820:	fec42783          	lw	a5,-20(s0)
80200824:	fdc42703          	lw	a4,-36(s0)
80200828:	00f707b3          	add	a5,a4,a5
8020082c:	00078023          	sb	zero,0(a5)
80200830:	00200593          	li	a1,2
80200834:	802087b7          	lui	a5,0x80208
80200838:	10878513          	addi	a0,a5,264 # 80208108 <__modsi3+0x6ee8>
8020083c:	0bc000ef          	jal	802008f8 <term_write>
80200840:	fec42783          	lw	a5,-20(s0)
80200844:	00078863          	beqz	a5,80200854 <term_read+0x98>
80200848:	fec42783          	lw	a5,-20(s0)
8020084c:	00178793          	addi	a5,a5,1
80200850:	0940006f          	j	802008e4 <term_read+0x128>
80200854:	00000793          	li	a5,0
80200858:	08c0006f          	j	802008e4 <term_read+0x128>
8020085c:	fe0405a3          	sb	zero,-21(s0)
80200860:	fec42783          	lw	a5,-20(s0)
80200864:	00078a63          	beqz	a5,80200878 <term_read+0xbc>
80200868:	00300593          	li	a1,3
8020086c:	802087b7          	lui	a5,0x80208
80200870:	10c78513          	addi	a0,a5,268 # 8020810c <__modsi3+0x6eec>
80200874:	084000ef          	jal	802008f8 <term_write>
80200878:	fec42783          	lw	a5,-20(s0)
8020087c:	00078863          	beqz	a5,8020088c <term_read+0xd0>
80200880:	fec42783          	lw	a5,-20(s0)
80200884:	ffe78793          	addi	a5,a5,-2
80200888:	00c0006f          	j	80200894 <term_read+0xd8>
8020088c:	fec42783          	lw	a5,-20(s0)
80200890:	fff78793          	addi	a5,a5,-1
80200894:	fef42623          	sw	a5,-20(s0)
80200898:	feb44783          	lbu	a5,-21(s0)
8020089c:	00078a63          	beqz	a5,802008b0 <term_read+0xf4>
802008a0:	feb40793          	addi	a5,s0,-21
802008a4:	00100593          	li	a1,1
802008a8:	00078513          	mv	a0,a5
802008ac:	04c000ef          	jal	802008f8 <term_write>
802008b0:	fec42783          	lw	a5,-20(s0)
802008b4:	00178793          	addi	a5,a5,1
802008b8:	fef42623          	sw	a5,-20(s0)
802008bc:	fd842783          	lw	a5,-40(s0)
802008c0:	fff78713          	addi	a4,a5,-1
802008c4:	fec42783          	lw	a5,-20(s0)
802008c8:	f0e7eae3          	bltu	a5,a4,802007dc <term_read+0x20>
802008cc:	fd842783          	lw	a5,-40(s0)
802008d0:	fff78793          	addi	a5,a5,-1
802008d4:	fdc42703          	lw	a4,-36(s0)
802008d8:	00f707b3          	add	a5,a4,a5
802008dc:	00078023          	sb	zero,0(a5)
802008e0:	fd842783          	lw	a5,-40(s0)
802008e4:	00078513          	mv	a0,a5
802008e8:	02c12083          	lw	ra,44(sp)
802008ec:	02812403          	lw	s0,40(sp)
802008f0:	03010113          	addi	sp,sp,48
802008f4:	00008067          	ret

802008f8 <term_write>:
term_write():
802008f8:	fd010113          	addi	sp,sp,-48
802008fc:	02112623          	sw	ra,44(sp)
80200900:	02812423          	sw	s0,40(sp)
80200904:	03010413          	addi	s0,sp,48
80200908:	fca42e23          	sw	a0,-36(s0)
8020090c:	fcb42c23          	sw	a1,-40(s0)
80200910:	fe042623          	sw	zero,-20(s0)
80200914:	0340006f          	j	80200948 <term_write+0x50>
80200918:	802087b7          	lui	a5,0x80208
8020091c:	13c7a783          	lw	a5,316(a5) # 8020813c <earth>
80200920:	0207a783          	lw	a5,32(a5)
80200924:	fdc42683          	lw	a3,-36(s0)
80200928:	fec42703          	lw	a4,-20(s0)
8020092c:	00e68733          	add	a4,a3,a4
80200930:	00074703          	lbu	a4,0(a4)
80200934:	00070513          	mv	a0,a4
80200938:	000780e7          	jalr	a5
8020093c:	fec42783          	lw	a5,-20(s0)
80200940:	00178793          	addi	a5,a5,1
80200944:	fef42623          	sw	a5,-20(s0)
80200948:	fec42703          	lw	a4,-20(s0)
8020094c:	fd842783          	lw	a5,-40(s0)
80200950:	fcf764e3          	bltu	a4,a5,80200918 <term_write+0x20>
80200954:	00000013          	nop
80200958:	00000013          	nop
8020095c:	02c12083          	lw	ra,44(sp)
80200960:	02812403          	lw	s0,40(sp)
80200964:	03010113          	addi	sp,sp,48
80200968:	00008067          	ret

8020096c <sys_send>:
sys_send():
8020096c:	fe010113          	addi	sp,sp,-32
80200970:	00112e23          	sw	ra,28(sp)
80200974:	00812c23          	sw	s0,24(sp)
80200978:	02010413          	addi	s0,sp,32
8020097c:	fea42623          	sw	a0,-20(s0)
80200980:	feb42423          	sw	a1,-24(s0)
80200984:	fec42223          	sw	a2,-28(s0)
80200988:	802087b7          	lui	a5,0x80208
8020098c:	1407a783          	lw	a5,320(a5) # 80208140 <sc>
80200990:	00200713          	li	a4,2
80200994:	00e7a023          	sw	a4,0(a5)
80200998:	802087b7          	lui	a5,0x80208
8020099c:	1407a783          	lw	a5,320(a5) # 80208140 <sc>
802009a0:	fec42703          	lw	a4,-20(s0)
802009a4:	00e7a423          	sw	a4,8(a5)
802009a8:	802087b7          	lui	a5,0x80208
802009ac:	1407a783          	lw	a5,320(a5) # 80208140 <sc>
802009b0:	00c78793          	addi	a5,a5,12
802009b4:	fe442603          	lw	a2,-28(s0)
802009b8:	fe842583          	lw	a1,-24(s0)
802009bc:	00078513          	mv	a0,a5
802009c0:	408000ef          	jal	80200dc8 <memcpy>
802009c4:	00000073          	ecall
802009c8:	00000013          	nop
802009cc:	01c12083          	lw	ra,28(sp)
802009d0:	01812403          	lw	s0,24(sp)
802009d4:	02010113          	addi	sp,sp,32
802009d8:	00008067          	ret

802009dc <itoa>:
itoa():
802009dc:	ff010113          	addi	sp,sp,-16
802009e0:	00812423          	sw	s0,8(sp)
802009e4:	00112623          	sw	ra,12(sp)
802009e8:	ffe60713          	addi	a4,a2,-2
802009ec:	02200793          	li	a5,34
802009f0:	00058413          	mv	s0,a1
802009f4:	04e7e063          	bltu	a5,a4,80200a34 <itoa+0x58>
802009f8:	00a00793          	li	a5,10
802009fc:	02f60063          	beq	a2,a5,80200a1c <itoa+0x40>
80200a00:	00040593          	mv	a1,s0
80200a04:	048000ef          	jal	80200a4c <__utoa>
80200a08:	00c12083          	lw	ra,12(sp)
80200a0c:	00040513          	mv	a0,s0
80200a10:	00812403          	lw	s0,8(sp)
80200a14:	01010113          	addi	sp,sp,16
80200a18:	00008067          	ret
80200a1c:	fe0552e3          	bgez	a0,80200a00 <itoa+0x24>
80200a20:	02d00793          	li	a5,45
80200a24:	00f58023          	sb	a5,0(a1)
80200a28:	40a00533          	neg	a0,a0
80200a2c:	00158593          	addi	a1,a1,1
80200a30:	fd5ff06f          	j	80200a04 <itoa+0x28>
80200a34:	00058023          	sb	zero,0(a1)
80200a38:	00c12083          	lw	ra,12(sp)
80200a3c:	00812403          	lw	s0,8(sp)
80200a40:	00000513          	li	a0,0
80200a44:	01010113          	addi	sp,sp,16
80200a48:	00008067          	ret

80200a4c <__utoa>:
__utoa():
80200a4c:	00007797          	auipc	a5,0x7
80200a50:	6c478793          	addi	a5,a5,1732 # 80208110 <__modsi3+0x6ef0>
80200a54:	0007a283          	lw	t0,0(a5)
80200a58:	0047af83          	lw	t6,4(a5)
80200a5c:	0087af03          	lw	t5,8(a5)
80200a60:	00c7ae83          	lw	t4,12(a5)
80200a64:	0107ae03          	lw	t3,16(a5)
80200a68:	0147a303          	lw	t1,20(a5)
80200a6c:	0187a883          	lw	a7,24(a5)
80200a70:	01c7a803          	lw	a6,28(a5)
80200a74:	0207a683          	lw	a3,32(a5)
80200a78:	00007797          	auipc	a5,0x7
80200a7c:	6bc7c783          	lbu	a5,1724(a5) # 80208134 <__modsi3+0x6f14>
80200a80:	fb010113          	addi	sp,sp,-80
80200a84:	03512a23          	sw	s5,52(sp)
80200a88:	02f10623          	sb	a5,44(sp)
80200a8c:	04112623          	sw	ra,76(sp)
80200a90:	ffe60713          	addi	a4,a2,-2
80200a94:	00512423          	sw	t0,8(sp)
80200a98:	01f12623          	sw	t6,12(sp)
80200a9c:	01e12823          	sw	t5,16(sp)
80200aa0:	01d12a23          	sw	t4,20(sp)
80200aa4:	01c12c23          	sw	t3,24(sp)
80200aa8:	00612e23          	sw	t1,28(sp)
80200aac:	03112023          	sw	a7,32(sp)
80200ab0:	03012223          	sw	a6,36(sp)
80200ab4:	02d12423          	sw	a3,40(sp)
80200ab8:	02200793          	li	a5,34
80200abc:	00058a93          	mv	s5,a1
80200ac0:	0ce7e463          	bltu	a5,a4,80200b88 <__utoa+0x13c>
80200ac4:	04812423          	sw	s0,72(sp)
80200ac8:	04912223          	sw	s1,68(sp)
80200acc:	05212023          	sw	s2,64(sp)
80200ad0:	03312e23          	sw	s3,60(sp)
80200ad4:	03412c23          	sw	s4,56(sp)
80200ad8:	03612823          	sw	s6,48(sp)
80200adc:	00060493          	mv	s1,a2
80200ae0:	00050413          	mv	s0,a0
80200ae4:	00000913          	li	s2,0
80200ae8:	00048593          	mv	a1,s1
80200aec:	00040513          	mv	a0,s0
80200af0:	6fc000ef          	jal	802011ec <__umodsi3>
80200af4:	00250533          	add	a0,a0,sp
80200af8:	00854783          	lbu	a5,8(a0)
80200afc:	00090993          	mv	s3,s2
80200b00:	00190913          	addi	s2,s2,1
80200b04:	012a8a33          	add	s4,s5,s2
80200b08:	00040513          	mv	a0,s0
80200b0c:	00048593          	mv	a1,s1
80200b10:	fefa0fa3          	sb	a5,-1(s4)
80200b14:	00040b13          	mv	s6,s0
80200b18:	68c000ef          	jal	802011a4 <__hidden___udivsi3>
80200b1c:	00050413          	mv	s0,a0
80200b20:	fc9b74e3          	bgeu	s6,s1,80200ae8 <__utoa+0x9c>
80200b24:	000a0023          	sb	zero,0(s4)
80200b28:	02098a63          	beqz	s3,80200b5c <__utoa+0x110>
80200b2c:	000a8693          	mv	a3,s5
80200b30:	013a8733          	add	a4,s5,s3
80200b34:	00000793          	li	a5,0
80200b38:	00074583          	lbu	a1,0(a4)
80200b3c:	0006c603          	lbu	a2,0(a3)
80200b40:	00178793          	addi	a5,a5,1
80200b44:	00b68023          	sb	a1,0(a3)
80200b48:	00c70023          	sb	a2,0(a4)
80200b4c:	40f98633          	sub	a2,s3,a5
80200b50:	00168693          	addi	a3,a3,1
80200b54:	fff70713          	addi	a4,a4,-1
80200b58:	fec7c0e3          	blt	a5,a2,80200b38 <__utoa+0xec>
80200b5c:	04812403          	lw	s0,72(sp)
80200b60:	04c12083          	lw	ra,76(sp)
80200b64:	04412483          	lw	s1,68(sp)
80200b68:	04012903          	lw	s2,64(sp)
80200b6c:	03c12983          	lw	s3,60(sp)
80200b70:	03812a03          	lw	s4,56(sp)
80200b74:	03012b03          	lw	s6,48(sp)
80200b78:	000a8513          	mv	a0,s5
80200b7c:	03412a83          	lw	s5,52(sp)
80200b80:	05010113          	addi	sp,sp,80
80200b84:	00008067          	ret
80200b88:	00058023          	sb	zero,0(a1)
80200b8c:	04c12083          	lw	ra,76(sp)
80200b90:	03412a83          	lw	s5,52(sp)
80200b94:	00000513          	li	a0,0
80200b98:	05010113          	addi	sp,sp,80
80200b9c:	00008067          	ret

80200ba0 <strcat>:
strcat():
80200ba0:	ff010113          	addi	sp,sp,-16
80200ba4:	00812423          	sw	s0,8(sp)
80200ba8:	00112623          	sw	ra,12(sp)
80200bac:	00357793          	andi	a5,a0,3
80200bb0:	00050413          	mv	s0,a0
80200bb4:	06079663          	bnez	a5,80200c20 <strcat+0x80>
80200bb8:	00052703          	lw	a4,0(a0)
80200bbc:	feff0637          	lui	a2,0xfeff0
80200bc0:	eff60613          	addi	a2,a2,-257 # fefefeff <__heap_end+0x7ecefeff>
80200bc4:	00c707b3          	add	a5,a4,a2
80200bc8:	808086b7          	lui	a3,0x80808
80200bcc:	fff74713          	not	a4,a4
80200bd0:	00e7f7b3          	and	a5,a5,a4
80200bd4:	08068693          	addi	a3,a3,128 # 80808080 <__heap_end+0x508080>
80200bd8:	00d7f7b3          	and	a5,a5,a3
80200bdc:	04079263          	bnez	a5,80200c20 <strcat+0x80>
80200be0:	00452703          	lw	a4,4(a0)
80200be4:	00450513          	addi	a0,a0,4
80200be8:	00c707b3          	add	a5,a4,a2
80200bec:	fff74713          	not	a4,a4
80200bf0:	00e7f7b3          	and	a5,a5,a4
80200bf4:	00d7f7b3          	and	a5,a5,a3
80200bf8:	02079463          	bnez	a5,80200c20 <strcat+0x80>
80200bfc:	00452703          	lw	a4,4(a0)
80200c00:	00450513          	addi	a0,a0,4
80200c04:	00c707b3          	add	a5,a4,a2
80200c08:	fff74713          	not	a4,a4
80200c0c:	00e7f7b3          	and	a5,a5,a4
80200c10:	00d7f7b3          	and	a5,a5,a3
80200c14:	fc0786e3          	beqz	a5,80200be0 <strcat+0x40>
80200c18:	0080006f          	j	80200c20 <strcat+0x80>
80200c1c:	00150513          	addi	a0,a0,1
80200c20:	00054783          	lbu	a5,0(a0)
80200c24:	fe079ce3          	bnez	a5,80200c1c <strcat+0x7c>
80200c28:	354000ef          	jal	80200f7c <strcpy>
80200c2c:	00c12083          	lw	ra,12(sp)
80200c30:	00040513          	mv	a0,s0
80200c34:	00812403          	lw	s0,8(sp)
80200c38:	01010113          	addi	sp,sp,16
80200c3c:	00008067          	ret

80200c40 <strncat>:
strncat():
80200c40:	00357713          	andi	a4,a0,3
80200c44:	00050793          	mv	a5,a0
80200c48:	06071663          	bnez	a4,80200cb4 <strncat+0x74>
80200c4c:	00052683          	lw	a3,0(a0)
80200c50:	feff08b7          	lui	a7,0xfeff0
80200c54:	eff88893          	addi	a7,a7,-257 # fefefeff <__heap_end+0x7ecefeff>
80200c58:	01168733          	add	a4,a3,a7
80200c5c:	80808837          	lui	a6,0x80808
80200c60:	fff6c693          	not	a3,a3
80200c64:	00d77733          	and	a4,a4,a3
80200c68:	08080813          	addi	a6,a6,128 # 80808080 <__heap_end+0x508080>
80200c6c:	01077733          	and	a4,a4,a6
80200c70:	04071263          	bnez	a4,80200cb4 <strncat+0x74>
80200c74:	0047a683          	lw	a3,4(a5)
80200c78:	00478793          	addi	a5,a5,4
80200c7c:	01168733          	add	a4,a3,a7
80200c80:	fff6c693          	not	a3,a3
80200c84:	00d77733          	and	a4,a4,a3
80200c88:	01077733          	and	a4,a4,a6
80200c8c:	02071463          	bnez	a4,80200cb4 <strncat+0x74>
80200c90:	0047a683          	lw	a3,4(a5)
80200c94:	00478793          	addi	a5,a5,4
80200c98:	01168733          	add	a4,a3,a7
80200c9c:	fff6c693          	not	a3,a3
80200ca0:	00d77733          	and	a4,a4,a3
80200ca4:	01077733          	and	a4,a4,a6
80200ca8:	fc0706e3          	beqz	a4,80200c74 <strncat+0x34>
80200cac:	0080006f          	j	80200cb4 <strncat+0x74>
80200cb0:	00178793          	addi	a5,a5,1
80200cb4:	0007c703          	lbu	a4,0(a5)
80200cb8:	fe071ce3          	bnez	a4,80200cb0 <strncat+0x70>
80200cbc:	00c786b3          	add	a3,a5,a2
80200cc0:	02060463          	beqz	a2,80200ce8 <strncat+0xa8>
80200cc4:	0005c703          	lbu	a4,0(a1)
80200cc8:	00178793          	addi	a5,a5,1
80200ccc:	00158593          	addi	a1,a1,1
80200cd0:	fee78fa3          	sb	a4,-1(a5)
80200cd4:	00070863          	beqz	a4,80200ce4 <strncat+0xa4>
80200cd8:	fef696e3          	bne	a3,a5,80200cc4 <strncat+0x84>
80200cdc:	00068023          	sb	zero,0(a3)
80200ce0:	00008067          	ret
80200ce4:	00008067          	ret
80200ce8:	00008067          	ret

80200cec <memset>:
memset():
80200cec:	00f00313          	li	t1,15
80200cf0:	00050713          	mv	a4,a0
80200cf4:	02c37e63          	bgeu	t1,a2,80200d30 <memset+0x44>
80200cf8:	00f77793          	andi	a5,a4,15
80200cfc:	0a079063          	bnez	a5,80200d9c <memset+0xb0>
80200d00:	08059263          	bnez	a1,80200d84 <memset+0x98>
80200d04:	ff067693          	andi	a3,a2,-16
80200d08:	00f67613          	andi	a2,a2,15
80200d0c:	00e686b3          	add	a3,a3,a4
80200d10:	00b72023          	sw	a1,0(a4)
80200d14:	00b72223          	sw	a1,4(a4)
80200d18:	00b72423          	sw	a1,8(a4)
80200d1c:	00b72623          	sw	a1,12(a4)
80200d20:	01070713          	addi	a4,a4,16
80200d24:	fed766e3          	bltu	a4,a3,80200d10 <memset+0x24>
80200d28:	00061463          	bnez	a2,80200d30 <memset+0x44>
80200d2c:	00008067          	ret
80200d30:	40c306b3          	sub	a3,t1,a2
80200d34:	00269693          	slli	a3,a3,0x2
80200d38:	00000297          	auipc	t0,0x0
80200d3c:	005686b3          	add	a3,a3,t0
80200d40:	00c68067          	jr	12(a3)
80200d44:	00b70723          	sb	a1,14(a4)
80200d48:	00b706a3          	sb	a1,13(a4)
80200d4c:	00b70623          	sb	a1,12(a4)
80200d50:	00b705a3          	sb	a1,11(a4)
80200d54:	00b70523          	sb	a1,10(a4)
80200d58:	00b704a3          	sb	a1,9(a4)
80200d5c:	00b70423          	sb	a1,8(a4)
80200d60:	00b703a3          	sb	a1,7(a4)
80200d64:	00b70323          	sb	a1,6(a4)
80200d68:	00b702a3          	sb	a1,5(a4)
80200d6c:	00b70223          	sb	a1,4(a4)
80200d70:	00b701a3          	sb	a1,3(a4)
80200d74:	00b70123          	sb	a1,2(a4)
80200d78:	00b700a3          	sb	a1,1(a4)
80200d7c:	00b70023          	sb	a1,0(a4)
80200d80:	00008067          	ret
80200d84:	0ff5f593          	zext.b	a1,a1
80200d88:	00859693          	slli	a3,a1,0x8
80200d8c:	00d5e5b3          	or	a1,a1,a3
80200d90:	01059693          	slli	a3,a1,0x10
80200d94:	00d5e5b3          	or	a1,a1,a3
80200d98:	f6dff06f          	j	80200d04 <memset+0x18>
80200d9c:	00279693          	slli	a3,a5,0x2
80200da0:	00000297          	auipc	t0,0x0
80200da4:	005686b3          	add	a3,a3,t0
80200da8:	00008293          	mv	t0,ra
80200dac:	fa0680e7          	jalr	-96(a3)
80200db0:	00028093          	mv	ra,t0
80200db4:	ff078793          	addi	a5,a5,-16
80200db8:	40f70733          	sub	a4,a4,a5
80200dbc:	00f60633          	add	a2,a2,a5
80200dc0:	f6c378e3          	bgeu	t1,a2,80200d30 <memset+0x44>
80200dc4:	f3dff06f          	j	80200d00 <memset+0x14>

80200dc8 <memcpy>:
memcpy():
80200dc8:	00a5c7b3          	xor	a5,a1,a0
80200dcc:	0037f793          	andi	a5,a5,3
80200dd0:	00c508b3          	add	a7,a0,a2
80200dd4:	06079663          	bnez	a5,80200e40 <memcpy+0x78>
80200dd8:	00300793          	li	a5,3
80200ddc:	06c7f263          	bgeu	a5,a2,80200e40 <memcpy+0x78>
80200de0:	00357793          	andi	a5,a0,3
80200de4:	00050713          	mv	a4,a0
80200de8:	0c079a63          	bnez	a5,80200ebc <memcpy+0xf4>
80200dec:	ffc8f613          	andi	a2,a7,-4
80200df0:	40e606b3          	sub	a3,a2,a4
80200df4:	02000793          	li	a5,32
80200df8:	06d7c463          	blt	a5,a3,80200e60 <memcpy+0x98>
80200dfc:	00058693          	mv	a3,a1
80200e00:	00070793          	mv	a5,a4
80200e04:	02c77a63          	bgeu	a4,a2,80200e38 <memcpy+0x70>
80200e08:	0006a803          	lw	a6,0(a3)
80200e0c:	00478793          	addi	a5,a5,4
80200e10:	00468693          	addi	a3,a3,4
80200e14:	ff07ae23          	sw	a6,-4(a5)
80200e18:	fec7e8e3          	bltu	a5,a2,80200e08 <memcpy+0x40>
80200e1c:	fff60613          	addi	a2,a2,-1
80200e20:	40e60633          	sub	a2,a2,a4
80200e24:	ffc67613          	andi	a2,a2,-4
80200e28:	00458593          	addi	a1,a1,4
80200e2c:	00470713          	addi	a4,a4,4
80200e30:	00c585b3          	add	a1,a1,a2
80200e34:	00c70733          	add	a4,a4,a2
80200e38:	01176863          	bltu	a4,a7,80200e48 <memcpy+0x80>
80200e3c:	00008067          	ret
80200e40:	00050713          	mv	a4,a0
80200e44:	ff157ce3          	bgeu	a0,a7,80200e3c <memcpy+0x74>
80200e48:	0005c783          	lbu	a5,0(a1)
80200e4c:	00170713          	addi	a4,a4,1
80200e50:	00158593          	addi	a1,a1,1
80200e54:	fef70fa3          	sb	a5,-1(a4)
80200e58:	fee898e3          	bne	a7,a4,80200e48 <memcpy+0x80>
80200e5c:	00008067          	ret
80200e60:	0205a683          	lw	a3,32(a1)
80200e64:	0005a383          	lw	t2,0(a1)
80200e68:	0045a283          	lw	t0,4(a1)
80200e6c:	0085af83          	lw	t6,8(a1)
80200e70:	00c5af03          	lw	t5,12(a1)
80200e74:	0105ae83          	lw	t4,16(a1)
80200e78:	0145ae03          	lw	t3,20(a1)
80200e7c:	0185a303          	lw	t1,24(a1)
80200e80:	01c5a803          	lw	a6,28(a1)
80200e84:	02470713          	addi	a4,a4,36
80200e88:	fed72e23          	sw	a3,-4(a4)
80200e8c:	fc772e23          	sw	t2,-36(a4)
80200e90:	40e606b3          	sub	a3,a2,a4
80200e94:	fe572023          	sw	t0,-32(a4)
80200e98:	fff72223          	sw	t6,-28(a4)
80200e9c:	ffe72423          	sw	t5,-24(a4)
80200ea0:	ffd72623          	sw	t4,-20(a4)
80200ea4:	ffc72823          	sw	t3,-16(a4)
80200ea8:	fe672a23          	sw	t1,-12(a4)
80200eac:	ff072c23          	sw	a6,-8(a4)
80200eb0:	02458593          	addi	a1,a1,36
80200eb4:	fad7c6e3          	blt	a5,a3,80200e60 <memcpy+0x98>
80200eb8:	f45ff06f          	j	80200dfc <memcpy+0x34>
80200ebc:	0005c683          	lbu	a3,0(a1)
80200ec0:	00170713          	addi	a4,a4,1
80200ec4:	00377793          	andi	a5,a4,3
80200ec8:	fed70fa3          	sb	a3,-1(a4)
80200ecc:	00158593          	addi	a1,a1,1
80200ed0:	f0078ee3          	beqz	a5,80200dec <memcpy+0x24>
80200ed4:	0005c683          	lbu	a3,0(a1)
80200ed8:	00170713          	addi	a4,a4,1
80200edc:	00377793          	andi	a5,a4,3
80200ee0:	fed70fa3          	sb	a3,-1(a4)
80200ee4:	00158593          	addi	a1,a1,1
80200ee8:	fc079ae3          	bnez	a5,80200ebc <memcpy+0xf4>
80200eec:	f01ff06f          	j	80200dec <memcpy+0x24>

80200ef0 <strlen>:
strlen():
80200ef0:	00357793          	andi	a5,a0,3
80200ef4:	00050713          	mv	a4,a0
80200ef8:	04079c63          	bnez	a5,80200f50 <strlen+0x60>
80200efc:	7f7f86b7          	lui	a3,0x7f7f8
80200f00:	f7f68693          	addi	a3,a3,-129 # 7f7f7f7f <app_entry-0xa08081>
80200f04:	fff00593          	li	a1,-1
80200f08:	00072603          	lw	a2,0(a4)
80200f0c:	00470713          	addi	a4,a4,4
80200f10:	00d677b3          	and	a5,a2,a3
80200f14:	00d787b3          	add	a5,a5,a3
80200f18:	00c7e7b3          	or	a5,a5,a2
80200f1c:	00d7e7b3          	or	a5,a5,a3
80200f20:	feb784e3          	beq	a5,a1,80200f08 <strlen+0x18>
80200f24:	ffc74683          	lbu	a3,-4(a4)
80200f28:	40a707b3          	sub	a5,a4,a0
80200f2c:	04068463          	beqz	a3,80200f74 <strlen+0x84>
80200f30:	ffd74683          	lbu	a3,-3(a4)
80200f34:	02068c63          	beqz	a3,80200f6c <strlen+0x7c>
80200f38:	ffe74503          	lbu	a0,-2(a4)
80200f3c:	00a03533          	snez	a0,a0
80200f40:	00f50533          	add	a0,a0,a5
80200f44:	ffe50513          	addi	a0,a0,-2
80200f48:	00008067          	ret
80200f4c:	fa0688e3          	beqz	a3,80200efc <strlen+0xc>
80200f50:	00074783          	lbu	a5,0(a4)
80200f54:	00170713          	addi	a4,a4,1
80200f58:	00377693          	andi	a3,a4,3
80200f5c:	fe0798e3          	bnez	a5,80200f4c <strlen+0x5c>
80200f60:	40a70733          	sub	a4,a4,a0
80200f64:	fff70513          	addi	a0,a4,-1
80200f68:	00008067          	ret
80200f6c:	ffd78513          	addi	a0,a5,-3
80200f70:	00008067          	ret
80200f74:	ffc78513          	addi	a0,a5,-4
80200f78:	00008067          	ret

80200f7c <strcpy>:
strcpy():
80200f7c:	00b567b3          	or	a5,a0,a1
80200f80:	0037f793          	andi	a5,a5,3
80200f84:	08079063          	bnez	a5,80201004 <strcpy+0x88>
80200f88:	0005a703          	lw	a4,0(a1)
80200f8c:	7f7f86b7          	lui	a3,0x7f7f8
80200f90:	f7f68693          	addi	a3,a3,-129 # 7f7f7f7f <app_entry-0xa08081>
80200f94:	00d77833          	and	a6,a4,a3
80200f98:	00d80833          	add	a6,a6,a3
80200f9c:	00e86833          	or	a6,a6,a4
80200fa0:	00d86833          	or	a6,a6,a3
80200fa4:	fff00793          	li	a5,-1
80200fa8:	00050613          	mv	a2,a0
80200fac:	02f81463          	bne	a6,a5,80200fd4 <strcpy+0x58>
80200fb0:	00458593          	addi	a1,a1,4
80200fb4:	00e62023          	sw	a4,0(a2)
80200fb8:	0005a703          	lw	a4,0(a1)
80200fbc:	00460613          	addi	a2,a2,4
80200fc0:	00d777b3          	and	a5,a4,a3
80200fc4:	00d787b3          	add	a5,a5,a3
80200fc8:	00e7e7b3          	or	a5,a5,a4
80200fcc:	00d7e7b3          	or	a5,a5,a3
80200fd0:	ff0780e3          	beq	a5,a6,80200fb0 <strcpy+0x34>
80200fd4:	0005c783          	lbu	a5,0(a1)
80200fd8:	0015c703          	lbu	a4,1(a1)
80200fdc:	0025c683          	lbu	a3,2(a1)
80200fe0:	00f60023          	sb	a5,0(a2)
80200fe4:	00078a63          	beqz	a5,80200ff8 <strcpy+0x7c>
80200fe8:	00e600a3          	sb	a4,1(a2)
80200fec:	00070663          	beqz	a4,80200ff8 <strcpy+0x7c>
80200ff0:	00d60123          	sb	a3,2(a2)
80200ff4:	00069463          	bnez	a3,80200ffc <strcpy+0x80>
80200ff8:	00008067          	ret
80200ffc:	000601a3          	sb	zero,3(a2)
80201000:	00008067          	ret
80201004:	00050793          	mv	a5,a0
80201008:	0005c703          	lbu	a4,0(a1)
8020100c:	00178793          	addi	a5,a5,1
80201010:	00158593          	addi	a1,a1,1
80201014:	fee78fa3          	sb	a4,-1(a5)
80201018:	fe0718e3          	bnez	a4,80201008 <strcpy+0x8c>
8020101c:	00008067          	ret

80201020 <strcmp>:
strcmp():
80201020:	00b56733          	or	a4,a0,a1
80201024:	fff00393          	li	t2,-1
80201028:	00377713          	andi	a4,a4,3
8020102c:	10071063          	bnez	a4,8020112c <strcmp+0x10c>
80201030:	7f7f87b7          	lui	a5,0x7f7f8
80201034:	f7f78793          	addi	a5,a5,-129 # 7f7f7f7f <app_entry-0xa08081>
80201038:	00052603          	lw	a2,0(a0)
8020103c:	0005a683          	lw	a3,0(a1)
80201040:	00f672b3          	and	t0,a2,a5
80201044:	00f66333          	or	t1,a2,a5
80201048:	00f282b3          	add	t0,t0,a5
8020104c:	0062e2b3          	or	t0,t0,t1
80201050:	10729263          	bne	t0,t2,80201154 <strcmp+0x134>
80201054:	08d61663          	bne	a2,a3,802010e0 <strcmp+0xc0>
80201058:	00452603          	lw	a2,4(a0)
8020105c:	0045a683          	lw	a3,4(a1)
80201060:	00f672b3          	and	t0,a2,a5
80201064:	00f66333          	or	t1,a2,a5
80201068:	00f282b3          	add	t0,t0,a5
8020106c:	0062e2b3          	or	t0,t0,t1
80201070:	0c729e63          	bne	t0,t2,8020114c <strcmp+0x12c>
80201074:	06d61663          	bne	a2,a3,802010e0 <strcmp+0xc0>
80201078:	00852603          	lw	a2,8(a0)
8020107c:	0085a683          	lw	a3,8(a1)
80201080:	00f672b3          	and	t0,a2,a5
80201084:	00f66333          	or	t1,a2,a5
80201088:	00f282b3          	add	t0,t0,a5
8020108c:	0062e2b3          	or	t0,t0,t1
80201090:	0c729863          	bne	t0,t2,80201160 <strcmp+0x140>
80201094:	04d61663          	bne	a2,a3,802010e0 <strcmp+0xc0>
80201098:	00c52603          	lw	a2,12(a0)
8020109c:	00c5a683          	lw	a3,12(a1)
802010a0:	00f672b3          	and	t0,a2,a5
802010a4:	00f66333          	or	t1,a2,a5
802010a8:	00f282b3          	add	t0,t0,a5
802010ac:	0062e2b3          	or	t0,t0,t1
802010b0:	0c729263          	bne	t0,t2,80201174 <strcmp+0x154>
802010b4:	02d61663          	bne	a2,a3,802010e0 <strcmp+0xc0>
802010b8:	01052603          	lw	a2,16(a0)
802010bc:	0105a683          	lw	a3,16(a1)
802010c0:	00f672b3          	and	t0,a2,a5
802010c4:	00f66333          	or	t1,a2,a5
802010c8:	00f282b3          	add	t0,t0,a5
802010cc:	0062e2b3          	or	t0,t0,t1
802010d0:	0a729c63          	bne	t0,t2,80201188 <strcmp+0x168>
802010d4:	01450513          	addi	a0,a0,20
802010d8:	01458593          	addi	a1,a1,20
802010dc:	f4d60ee3          	beq	a2,a3,80201038 <strcmp+0x18>
802010e0:	01061713          	slli	a4,a2,0x10
802010e4:	01069793          	slli	a5,a3,0x10
802010e8:	00f71e63          	bne	a4,a5,80201104 <strcmp+0xe4>
802010ec:	01065713          	srli	a4,a2,0x10
802010f0:	0106d793          	srli	a5,a3,0x10
802010f4:	40f70533          	sub	a0,a4,a5
802010f8:	0ff57593          	zext.b	a1,a0
802010fc:	02059063          	bnez	a1,8020111c <strcmp+0xfc>
80201100:	00008067          	ret
80201104:	01075713          	srli	a4,a4,0x10
80201108:	0107d793          	srli	a5,a5,0x10
8020110c:	40f70533          	sub	a0,a4,a5
80201110:	0ff57593          	zext.b	a1,a0
80201114:	00059463          	bnez	a1,8020111c <strcmp+0xfc>
80201118:	00008067          	ret
8020111c:	0ff77713          	zext.b	a4,a4
80201120:	0ff7f793          	zext.b	a5,a5
80201124:	40f70533          	sub	a0,a4,a5
80201128:	00008067          	ret
8020112c:	00054603          	lbu	a2,0(a0)
80201130:	0005c683          	lbu	a3,0(a1)
80201134:	00150513          	addi	a0,a0,1
80201138:	00158593          	addi	a1,a1,1
8020113c:	00d61463          	bne	a2,a3,80201144 <strcmp+0x124>
80201140:	fe0616e3          	bnez	a2,8020112c <strcmp+0x10c>
80201144:	40d60533          	sub	a0,a2,a3
80201148:	00008067          	ret
8020114c:	00450513          	addi	a0,a0,4
80201150:	00458593          	addi	a1,a1,4
80201154:	fcd61ce3          	bne	a2,a3,8020112c <strcmp+0x10c>
80201158:	00000513          	li	a0,0
8020115c:	00008067          	ret
80201160:	00850513          	addi	a0,a0,8
80201164:	00858593          	addi	a1,a1,8
80201168:	fcd612e3          	bne	a2,a3,8020112c <strcmp+0x10c>
8020116c:	00000513          	li	a0,0
80201170:	00008067          	ret
80201174:	00c50513          	addi	a0,a0,12
80201178:	00c58593          	addi	a1,a1,12
8020117c:	fad618e3          	bne	a2,a3,8020112c <strcmp+0x10c>
80201180:	00000513          	li	a0,0
80201184:	00008067          	ret
80201188:	01050513          	addi	a0,a0,16
8020118c:	01058593          	addi	a1,a1,16
80201190:	f8d61ee3          	bne	a2,a3,8020112c <strcmp+0x10c>
80201194:	00000513          	li	a0,0
80201198:	00008067          	ret

8020119c <__divsi3>:
__divsi3():
8020119c:	06054063          	bltz	a0,802011fc <__umodsi3+0x10>
802011a0:	0605c663          	bltz	a1,8020120c <__umodsi3+0x20>

802011a4 <__hidden___udivsi3>:
802011a4:	00058613          	mv	a2,a1
802011a8:	00050593          	mv	a1,a0
802011ac:	fff00513          	li	a0,-1
802011b0:	02060c63          	beqz	a2,802011e8 <__hidden___udivsi3+0x44>
802011b4:	00100693          	li	a3,1
802011b8:	00b67a63          	bgeu	a2,a1,802011cc <__hidden___udivsi3+0x28>
802011bc:	00c05863          	blez	a2,802011cc <__hidden___udivsi3+0x28>
802011c0:	00161613          	slli	a2,a2,0x1
802011c4:	00169693          	slli	a3,a3,0x1
802011c8:	feb66ae3          	bltu	a2,a1,802011bc <__hidden___udivsi3+0x18>
802011cc:	00000513          	li	a0,0
802011d0:	00c5e663          	bltu	a1,a2,802011dc <__hidden___udivsi3+0x38>
802011d4:	40c585b3          	sub	a1,a1,a2
802011d8:	00d56533          	or	a0,a0,a3
802011dc:	0016d693          	srli	a3,a3,0x1
802011e0:	00165613          	srli	a2,a2,0x1
802011e4:	fe0696e3          	bnez	a3,802011d0 <__hidden___udivsi3+0x2c>
802011e8:	00008067          	ret

802011ec <__umodsi3>:
802011ec:	00008293          	mv	t0,ra
802011f0:	fb5ff0ef          	jal	802011a4 <__hidden___udivsi3>
802011f4:	00058513          	mv	a0,a1
802011f8:	00028067          	jr	t0 # 80200da0 <memset+0xb4>
802011fc:	40a00533          	neg	a0,a0
80201200:	00b04863          	bgtz	a1,80201210 <__umodsi3+0x24>
80201204:	40b005b3          	neg	a1,a1
80201208:	f9dff06f          	j	802011a4 <__hidden___udivsi3>
8020120c:	40b005b3          	neg	a1,a1
80201210:	00008293          	mv	t0,ra
80201214:	f91ff0ef          	jal	802011a4 <__hidden___udivsi3>
80201218:	40a00533          	neg	a0,a0
8020121c:	00028067          	jr	t0

80201220 <__modsi3>:
__modsi3():
80201220:	00008293          	mv	t0,ra
80201224:	0005ca63          	bltz	a1,80201238 <__modsi3+0x18>
80201228:	00054c63          	bltz	a0,80201240 <__modsi3+0x20>
8020122c:	f79ff0ef          	jal	802011a4 <__hidden___udivsi3>
80201230:	00058513          	mv	a0,a1
80201234:	00028067          	jr	t0
80201238:	40b005b3          	neg	a1,a1
8020123c:	fe0558e3          	bgez	a0,8020122c <__modsi3+0xc>
80201240:	40a00533          	neg	a0,a0
80201244:	f61ff0ef          	jal	802011a4 <__hidden___udivsi3>
80201248:	40b00533          	neg	a0,a1
8020124c:	00028067          	jr	t0
